<?xml version="1.0" encoding="UTF-8" ?>
<testsuite tests="1" failures="0" name="com.stjohnwheaton.sociallydistantgroupedseatingwrapper.SociallyDistantGroupedSeatingWrapperTest" time="0.046" errors="0" skipped="0">
  <properties>
[...]
</properties>
  <testcase classname="com.stjohnwheaton.sociallydistantgroupedseatingwrapper.SociallyDistantGroupedSeatingWrapperTest" name="com.stjohnwheaton.sociallydistantgroupedseatingwrapper.SociallyDistantGroupedSeatingWrapperTest.testGetRowDataFromFile" time="0.046"/>
</testsuite>